<?xml version="1.0" encoding="UTF-8"?>
<!-- Generated by org.testng.reporters.JUnitXMLReporter -->
<testsuite ignored="2" hostname="gauravm-a01.vmware.com" failures="0" tests="6" name="Zomato API tests" time="5.254" errors="0" timestamp="11 Apr 2020 07:03:56 GMT">
  <testcase classname="Tests.GetCategoriesTest" name="veerifyLocationDetails" time="0.001"/>
  <testcase classname="Tests.GetCategoriesTest" name="verifyCategoriesCount" time="1.068"/>
  <testcase classname="Tests.GetCategoriesTest" name="verifyRequiredCategoryIsSeen" time="2.298"/>
  <testcase classname="Tests.GetCitiesTest" name="verifyCities" time="0.856"/>
  <testcase classname="Tests.GetCuisinesTest" name="verifyCuisinesInACityTest" time="0.449"/>
  <testcase classname="Tests.GetCuisinesTest" name="voidTest2" time="0.245"/>
  <testcase classname="Tests.BaseTest" name="@AfterSuite cleanUp" time="0.0">
    <ignored/>
  </testcase> <!-- @AfterSuite cleanUp -->
  <testcase classname="Tests.BaseTest" name="@AfterSuite cleanUp" time="0.0">
    <ignored/>
  </testcase> <!-- @AfterSuite cleanUp -->
</testsuite> <!-- Zomato API tests -->
