<?xml version="1.0" encoding="UTF-8"?>
<!-- Generated by org.testng.reporters.JUnitXMLReporter -->
<testsuite ignored="2" hostname="gauravm-a01.vmware.com" failures="0" tests="6" name="Zomato API tests" time="3.208" errors="0" timestamp="08 Apr 2020 15:14:27 GMT">
  <testcase classname="Tests.GetCategoriesTest" name="veerifyLocationDetails" time="0.0"/>
  <testcase classname="Tests.GetCategoriesTest" name="verifyCategoriesCount" time="1.047"/>
  <testcase classname="Tests.GetCategoriesTest" name="verifyRequiredCategoryIsSeen" time="0.415"/>
  <testcase classname="Tests.GetCitiesTest" name="verifyCities" time="0.592"/>
  <testcase classname="Tests.GetCuisinesTest" name="verifyCuisinesInACityTest" time="0.418"/>
  <testcase classname="Tests.GetCuisinesTest" name="voidTest2" time="0.422"/>
  <testcase classname="Tests.BaseTest" name="@AfterSuite cleanUp" time="0.0">
    <ignored/>
  </testcase> <!-- @AfterSuite cleanUp -->
  <testcase classname="Tests.BaseTest" name="@AfterSuite cleanUp" time="0.0">
    <ignored/>
  </testcase> <!-- @AfterSuite cleanUp -->
</testsuite> <!-- Zomato API tests -->
