<?xml version="1.0" encoding="UTF-8"?>
<testsuite xmlns:xsi="http://www.w3.org/2001/XMLSchema-instance" xsi:noNamespaceSchemaLocation="https://maven.apache.org/surefire/maven-surefire-plugin/xsd/surefire-test-report-3.0.xsd" version="3.0" name="TestSuite" time="3.412" tests="6" errors="0" skipped="0" failures="0">
  <properties>
[...]
</properties>
  <testcase name="veerifyLocationDetails" classname="Tests.GetCategoriesTest" time="0"/>
  <testcase name="verifyCategoriesCount" classname="Tests.GetCategoriesTest" time="1.048"/>
  <testcase name="verifyRequiredCategoryIsSeen" classname="Tests.GetCategoriesTest" time="0.414"/>
  <testcase name="verifyCities" classname="Tests.GetCitiesTest" time="0.592"/>
  <testcase name="verifyCuisinesInACityTest" classname="Tests.GetCuisinesTest" time="0.418"/>
  <testcase name="voidTest2" classname="Tests.GetCuisinesTest" time="0.422"/>
</testsuite>