<?xml version="1.0" encoding="UTF-8"?>
<testng-results ignored="2" total="8" passed="6" failed="0" skipped="0">
  <reporter-output>
  </reporter-output>
  <suite started-at="2020-04-11T07:03:51Z" name="Zomato API Tests" finished-at="2020-04-11T07:03:56Z" duration-ms="5254">
    <groups>
    </groups>
    <test started-at="2020-04-11T07:03:51Z" name="Zomato API tests" finished-at="2020-04-11T07:03:56Z" duration-ms="5254">
      <class name="Tests.GetCategoriesTest">
        <test-method is-config="true" signature="testSetup()[pri:0, instance:Tests.GetCategoriesTest@1d7acb34]" started-at="2020-04-11T07:03:51Z" name="testSetup" finished-at="2020-04-11T07:03:51Z" duration-ms="322" status="PASS">
          <reporter-output>
          </reporter-output>
        </test-method> <!-- testSetup -->
        <test-method is-config="true" signature="beforeTest(org.testng.ITestResult)[pri:0, instance:Tests.GetCategoriesTest@1d7acb34]" started-at="2020-04-11T07:03:52Z" name="beforeTest" finished-at="2020-04-11T07:03:52Z" duration-ms="1" status="PASS">
          <params>
            <param index="0">
              <value>
                <![CDATA[[TestResult name=veerifyLocationDetails status=SUCCESS method=GetCategoriesTest.veerifyLocationDetails()[pri:0, instance:Tests.GetCategoriesTest@1d7acb34] output={null}]]]>
              </value>
            </param>
          </params>
          <reporter-output>
          </reporter-output>
        </test-method> <!-- beforeTest -->
        <test-method signature="veerifyLocationDetails()[pri:0, instance:Tests.GetCategoriesTest@1d7acb34]" started-at="2020-04-11T07:03:52Z" name="veerifyLocationDetails" finished-at="2020-04-11T07:03:52Z" duration-ms="1" status="PASS">
          <reporter-output>
          </reporter-output>
        </test-method> <!-- veerifyLocationDetails -->
        <test-method is-config="true" signature="print(org.testng.ITestResult)[pri:0, instance:Tests.GetCategoriesTest@1d7acb34]" started-at="2020-04-11T07:03:52Z" name="print" finished-at="2020-04-11T07:03:52Z" duration-ms="0" status="PASS">
          <params>
            <param index="0">
              <value>
                <![CDATA[[TestResult name=veerifyLocationDetails status=SUCCESS method=GetCategoriesTest.veerifyLocationDetails()[pri:0, instance:Tests.GetCategoriesTest@1d7acb34] output={null}]]]>
              </value>
            </param>
          </params>
          <reporter-output>
          </reporter-output>
        </test-method> <!-- print -->
        <test-method is-config="true" signature="beforeTest(org.testng.ITestResult)[pri:0, instance:Tests.GetCategoriesTest@1d7acb34]" started-at="2020-04-11T07:03:52Z" name="beforeTest" finished-at="2020-04-11T07:03:52Z" duration-ms="1" status="PASS">
          <params>
            <param index="0">
              <value>
                <![CDATA[[TestResult name=verifyCategoriesCount status=SUCCESS method=GetCategoriesTest.verifyCategoriesCount()[pri:0, instance:Tests.GetCategoriesTest@1d7acb34] output={null}]]]>
              </value>
            </param>
          </params>
          <reporter-output>
          </reporter-output>
        </test-method> <!-- beforeTest -->
        <test-method signature="verifyCategoriesCount()[pri:0, instance:Tests.GetCategoriesTest@1d7acb34]" started-at="2020-04-11T07:03:52Z" name="verifyCategoriesCount" finished-at="2020-04-11T07:03:53Z" duration-ms="1068" status="PASS">
          <reporter-output>
          </reporter-output>
        </test-method> <!-- verifyCategoriesCount -->
        <test-method is-config="true" signature="print(org.testng.ITestResult)[pri:0, instance:Tests.GetCategoriesTest@1d7acb34]" started-at="2020-04-11T07:03:53Z" name="print" finished-at="2020-04-11T07:03:53Z" duration-ms="1" status="PASS">
          <params>
            <param index="0">
              <value>
                <![CDATA[[TestResult name=verifyCategoriesCount status=SUCCESS method=GetCategoriesTest.verifyCategoriesCount()[pri:0, instance:Tests.GetCategoriesTest@1d7acb34] output={null}]]]>
              </value>
            </param>
          </params>
          <reporter-output>
          </reporter-output>
        </test-method> <!-- print -->
        <test-method is-config="true" signature="beforeTest(org.testng.ITestResult)[pri:0, instance:Tests.GetCategoriesTest@1d7acb34]" started-at="2020-04-11T07:03:53Z" name="beforeTest" finished-at="2020-04-11T07:03:53Z" duration-ms="0" status="PASS">
          <params>
            <param index="0">
              <value>
                <![CDATA[[TestResult name=verifyRequiredCategoryIsSeen status=SUCCESS method=GetCategoriesTest.verifyRequiredCategoryIsSeen()[pri:0, instance:Tests.GetCategoriesTest@1d7acb34] output={null}]]]>
              </value>
            </param>
          </params>
          <reporter-output>
          </reporter-output>
        </test-method> <!-- beforeTest -->
        <test-method signature="verifyRequiredCategoryIsSeen()[pri:0, instance:Tests.GetCategoriesTest@1d7acb34]" started-at="2020-04-11T07:03:53Z" name="verifyRequiredCategoryIsSeen" finished-at="2020-04-11T07:03:55Z" duration-ms="2298" status="PASS">
          <reporter-output>
          </reporter-output>
        </test-method> <!-- verifyRequiredCategoryIsSeen -->
        <test-method is-config="true" signature="print(org.testng.ITestResult)[pri:0, instance:Tests.GetCategoriesTest@1d7acb34]" started-at="2020-04-11T07:03:55Z" name="print" finished-at="2020-04-11T07:03:55Z" duration-ms="0" status="PASS">
          <params>
            <param index="0">
              <value>
                <![CDATA[[TestResult name=verifyRequiredCategoryIsSeen status=SUCCESS method=GetCategoriesTest.verifyRequiredCategoryIsSeen()[pri:0, instance:Tests.GetCategoriesTest@1d7acb34] output={null}]]]>
              </value>
            </param>
          </params>
          <reporter-output>
          </reporter-output>
        </test-method> <!-- print -->
        <test-method is-config="true" signature="cleanUp(org.testng.ITestContext)[pri:0, instance:Tests.GetCategoriesTest@1d7acb34]" started-at="2020-04-11T07:03:56Z" name="cleanUp" finished-at="2020-04-11T07:03:56Z" duration-ms="1" status="PASS">
          <params>
            <param index="0">
              <value>
                <![CDATA[org.testng.TestRunner@4596f8f3]]>
              </value>
            </param>
          </params>
          <reporter-output>
          </reporter-output>
        </test-method> <!-- cleanUp -->
      </class> <!-- Tests.GetCategoriesTest -->
      <class name="Tests.GetCuisinesTest">
        <test-method is-config="true" signature="testSetup()[pri:0, instance:Tests.GetCuisinesTest@1e4a7dd4]" started-at="2020-04-11T07:03:56Z" name="testSetup" finished-at="2020-04-11T07:03:56Z" duration-ms="1" status="PASS">
          <reporter-output>
          </reporter-output>
        </test-method> <!-- testSetup -->
        <test-method is-config="true" signature="beforeTest(org.testng.ITestResult)[pri:0, instance:Tests.GetCuisinesTest@1e4a7dd4]" started-at="2020-04-11T07:03:56Z" name="beforeTest" finished-at="2020-04-11T07:03:56Z" duration-ms="0" status="PASS">
          <params>
            <param index="0">
              <value>
                <![CDATA[[TestResult name=verifyCuisinesInACityTest status=SUCCESS method=GetCuisinesTest.verifyCuisinesInACityTest()[pri:0, instance:Tests.GetCuisinesTest@1e4a7dd4] output={null}]]]>
              </value>
            </param>
          </params>
          <reporter-output>
          </reporter-output>
        </test-method> <!-- beforeTest -->
        <test-method signature="verifyCuisinesInACityTest()[pri:0, instance:Tests.GetCuisinesTest@1e4a7dd4]" started-at="2020-04-11T07:03:56Z" name="verifyCuisinesInACityTest" finished-at="2020-04-11T07:03:56Z" duration-ms="449" status="PASS">
          <reporter-output>
          </reporter-output>
        </test-method> <!-- verifyCuisinesInACityTest -->
        <test-method is-config="true" signature="beforeTest(org.testng.ITestResult)[pri:0, instance:Tests.GetCuisinesTest@1e4a7dd4]" started-at="2020-04-11T07:03:56Z" name="beforeTest" finished-at="2020-04-11T07:03:56Z" duration-ms="0" status="PASS">
          <params>
            <param index="0">
              <value>
                <![CDATA[[TestResult name=voidTest2 status=SUCCESS method=GetCuisinesTest.voidTest2()[pri:0, instance:Tests.GetCuisinesTest@1e4a7dd4] output={null}]]]>
              </value>
            </param>
          </params>
          <reporter-output>
          </reporter-output>
        </test-method> <!-- beforeTest -->
        <test-method is-config="true" signature="print(org.testng.ITestResult)[pri:0, instance:Tests.GetCuisinesTest@1e4a7dd4]" started-at="2020-04-11T07:03:56Z" name="print" finished-at="2020-04-11T07:03:56Z" duration-ms="0" status="PASS">
          <params>
            <param index="0">
              <value>
                <![CDATA[[TestResult name=verifyCuisinesInACityTest status=SUCCESS method=GetCuisinesTest.verifyCuisinesInACityTest()[pri:0, instance:Tests.GetCuisinesTest@1e4a7dd4] output={null}]]]>
              </value>
            </param>
          </params>
          <reporter-output>
          </reporter-output>
        </test-method> <!-- print -->
        <test-method signature="voidTest2()[pri:0, instance:Tests.GetCuisinesTest@1e4a7dd4]" started-at="2020-04-11T07:03:56Z" name="voidTest2" finished-at="2020-04-11T07:03:56Z" duration-ms="245" status="PASS">
          <reporter-output>
          </reporter-output>
        </test-method> <!-- voidTest2 -->
        <test-method is-config="true" signature="print(org.testng.ITestResult)[pri:0, instance:Tests.GetCuisinesTest@1e4a7dd4]" started-at="2020-04-11T07:03:56Z" name="print" finished-at="2020-04-11T07:03:56Z" duration-ms="0" status="PASS">
          <params>
            <param index="0">
              <value>
                <![CDATA[[TestResult name=voidTest2 status=SUCCESS method=GetCuisinesTest.voidTest2()[pri:0, instance:Tests.GetCuisinesTest@1e4a7dd4] output={null}]]]>
              </value>
            </param>
          </params>
          <reporter-output>
          </reporter-output>
        </test-method> <!-- print -->
      </class> <!-- Tests.GetCuisinesTest -->
      <class name="Tests.GetCitiesTest">
        <test-method is-config="true" signature="testSetup()[pri:0, instance:Tests.GetCitiesTest@48a242ce]" started-at="2020-04-11T07:03:55Z" name="testSetup" finished-at="2020-04-11T07:03:55Z" duration-ms="1" status="PASS">
          <reporter-output>
          </reporter-output>
        </test-method> <!-- testSetup -->
        <test-method signature="verifyCities()[pri:0, instance:Tests.GetCitiesTest@48a242ce]" started-at="2020-04-11T07:03:55Z" name="verifyCities" finished-at="2020-04-11T07:03:56Z" duration-ms="856" status="PASS">
          <reporter-output>
          </reporter-output>
        </test-method> <!-- verifyCities -->
        <test-method is-config="true" signature="beforeTest(org.testng.ITestResult)[pri:0, instance:Tests.GetCitiesTest@48a242ce]" started-at="2020-04-11T07:03:55Z" name="beforeTest" finished-at="2020-04-11T07:03:55Z" duration-ms="0" status="PASS">
          <params>
            <param index="0">
              <value>
                <![CDATA[[TestResult name=verifyCities status=SUCCESS method=GetCitiesTest.verifyCities()[pri:0, instance:Tests.GetCitiesTest@48a242ce] output={null}]]]>
              </value>
            </param>
          </params>
          <reporter-output>
          </reporter-output>
        </test-method> <!-- beforeTest -->
        <test-method is-config="true" signature="print(org.testng.ITestResult)[pri:0, instance:Tests.GetCitiesTest@48a242ce]" started-at="2020-04-11T07:03:56Z" name="print" finished-at="2020-04-11T07:03:56Z" duration-ms="0" status="PASS">
          <params>
            <param index="0">
              <value>
                <![CDATA[[TestResult name=verifyCities status=SUCCESS method=GetCitiesTest.verifyCities()[pri:0, instance:Tests.GetCitiesTest@48a242ce] output={null}]]]>
              </value>
            </param>
          </params>
          <reporter-output>
          </reporter-output>
        </test-method> <!-- print -->
      </class> <!-- Tests.GetCitiesTest -->
    </test> <!-- Zomato API tests -->
  </suite> <!-- Zomato API Tests -->
</testng-results>
