<?xml version="1.0" encoding="UTF-8"?>
<testng-results ignored="2" total="8" passed="6" failed="0" skipped="0">
  <reporter-output>
  </reporter-output>
  <suite started-at="2020-04-08T15:14:24Z" name="Zomato API Tests" finished-at="2020-04-08T15:14:27Z" duration-ms="3208">
    <groups>
    </groups>
    <test started-at="2020-04-08T15:14:24Z" name="Zomato API tests" finished-at="2020-04-08T15:14:27Z" duration-ms="3208">
      <class name="Tests.GetCategoriesTest">
        <test-method is-config="true" signature="testSetup()[pri:0, instance:Tests.GetCategoriesTest@43d7741f]" started-at="2020-04-08T15:14:24Z" name="testSetup" finished-at="2020-04-08T15:14:24Z" duration-ms="298" status="PASS">
          <reporter-output>
          </reporter-output>
        </test-method> <!-- testSetup -->
        <test-method signature="veerifyLocationDetails()[pri:0, instance:Tests.GetCategoriesTest@43d7741f]" started-at="2020-04-08T15:14:24Z" name="veerifyLocationDetails" finished-at="2020-04-08T15:14:24Z" duration-ms="0" status="PASS">
          <reporter-output>
          </reporter-output>
        </test-method> <!-- veerifyLocationDetails -->
        <test-method is-config="true" signature="print(org.testng.ITestResult)[pri:0, instance:Tests.GetCategoriesTest@43d7741f]" started-at="2020-04-08T15:14:24Z" name="print" finished-at="2020-04-08T15:14:24Z" duration-ms="1" status="PASS">
          <params>
            <param index="0">
              <value>
                <![CDATA[[TestResult name=veerifyLocationDetails status=SUCCESS method=GetCategoriesTest.veerifyLocationDetails()[pri:0, instance:Tests.GetCategoriesTest@43d7741f] output={null}]]]>
              </value>
            </param>
          </params>
          <reporter-output>
          </reporter-output>
        </test-method> <!-- print -->
        <test-method signature="verifyCategoriesCount()[pri:0, instance:Tests.GetCategoriesTest@43d7741f]" started-at="2020-04-08T15:14:24Z" name="verifyCategoriesCount" finished-at="2020-04-08T15:14:25Z" duration-ms="1047" status="PASS">
          <reporter-output>
          </reporter-output>
        </test-method> <!-- verifyCategoriesCount -->
        <test-method signature="verifyRequiredCategoryIsSeen()[pri:0, instance:Tests.GetCategoriesTest@43d7741f]" started-at="2020-04-08T15:14:25Z" name="verifyRequiredCategoryIsSeen" finished-at="2020-04-08T15:14:26Z" duration-ms="415" status="PASS">
          <reporter-output>
          </reporter-output>
        </test-method> <!-- verifyRequiredCategoryIsSeen -->
        <test-method is-config="true" signature="print(org.testng.ITestResult)[pri:0, instance:Tests.GetCategoriesTest@43d7741f]" started-at="2020-04-08T15:14:25Z" name="print" finished-at="2020-04-08T15:14:25Z" duration-ms="0" status="PASS">
          <params>
            <param index="0">
              <value>
                <![CDATA[[TestResult name=verifyCategoriesCount status=SUCCESS method=GetCategoriesTest.verifyCategoriesCount()[pri:0, instance:Tests.GetCategoriesTest@43d7741f] output={null}]]]>
              </value>
            </param>
          </params>
          <reporter-output>
          </reporter-output>
        </test-method> <!-- print -->
        <test-method is-config="true" signature="print(org.testng.ITestResult)[pri:0, instance:Tests.GetCategoriesTest@43d7741f]" started-at="2020-04-08T15:14:26Z" name="print" finished-at="2020-04-08T15:14:26Z" duration-ms="0" status="PASS">
          <params>
            <param index="0">
              <value>
                <![CDATA[[TestResult name=verifyRequiredCategoryIsSeen status=SUCCESS method=GetCategoriesTest.verifyRequiredCategoryIsSeen()[pri:0, instance:Tests.GetCategoriesTest@43d7741f] output={null}]]]>
              </value>
            </param>
          </params>
          <reporter-output>
          </reporter-output>
        </test-method> <!-- print -->
        <test-method is-config="true" signature="cleanUp()[pri:0, instance:Tests.GetCategoriesTest@43d7741f]" started-at="2020-04-08T15:14:27Z" name="cleanUp" finished-at="2020-04-08T15:14:27Z" duration-ms="0" status="PASS">
          <reporter-output>
          </reporter-output>
        </test-method> <!-- cleanUp -->
      </class> <!-- Tests.GetCategoriesTest -->
      <class name="Tests.GetCuisinesTest">
        <test-method is-config="true" signature="testSetup()[pri:0, instance:Tests.GetCuisinesTest@69379752]" started-at="2020-04-08T15:14:26Z" name="testSetup" finished-at="2020-04-08T15:14:26Z" duration-ms="2" status="PASS">
          <reporter-output>
          </reporter-output>
        </test-method> <!-- testSetup -->
        <test-method signature="verifyCuisinesInACityTest()[pri:0, instance:Tests.GetCuisinesTest@69379752]" started-at="2020-04-08T15:14:26Z" name="verifyCuisinesInACityTest" finished-at="2020-04-08T15:14:27Z" duration-ms="418" status="PASS">
          <reporter-output>
          </reporter-output>
        </test-method> <!-- verifyCuisinesInACityTest -->
        <test-method is-config="true" signature="print(org.testng.ITestResult)[pri:0, instance:Tests.GetCuisinesTest@69379752]" started-at="2020-04-08T15:14:27Z" name="print" finished-at="2020-04-08T15:14:27Z" duration-ms="0" status="PASS">
          <params>
            <param index="0">
              <value>
                <![CDATA[[TestResult name=verifyCuisinesInACityTest status=SUCCESS method=GetCuisinesTest.verifyCuisinesInACityTest()[pri:0, instance:Tests.GetCuisinesTest@69379752] output={null}]]]>
              </value>
            </param>
          </params>
          <reporter-output>
          </reporter-output>
        </test-method> <!-- print -->
        <test-method signature="voidTest2()[pri:0, instance:Tests.GetCuisinesTest@69379752]" started-at="2020-04-08T15:14:27Z" name="voidTest2" finished-at="2020-04-08T15:14:27Z" duration-ms="422" status="PASS">
          <reporter-output>
          </reporter-output>
        </test-method> <!-- voidTest2 -->
        <test-method is-config="true" signature="print(org.testng.ITestResult)[pri:0, instance:Tests.GetCuisinesTest@69379752]" started-at="2020-04-08T15:14:27Z" name="print" finished-at="2020-04-08T15:14:27Z" duration-ms="0" status="PASS">
          <params>
            <param index="0">
              <value>
                <![CDATA[[TestResult name=voidTest2 status=SUCCESS method=GetCuisinesTest.voidTest2()[pri:0, instance:Tests.GetCuisinesTest@69379752] output={null}]]]>
              </value>
            </param>
          </params>
          <reporter-output>
          </reporter-output>
        </test-method> <!-- print -->
      </class> <!-- Tests.GetCuisinesTest -->
      <class name="Tests.GetCitiesTest">
        <test-method signature="verifyCities()[pri:0, instance:Tests.GetCitiesTest@17baae6e]" started-at="2020-04-08T15:14:26Z" name="verifyCities" finished-at="2020-04-08T15:14:26Z" duration-ms="592" status="PASS">
          <reporter-output>
          </reporter-output>
        </test-method> <!-- verifyCities -->
        <test-method is-config="true" signature="testSetup()[pri:0, instance:Tests.GetCitiesTest@17baae6e]" started-at="2020-04-08T15:14:26Z" name="testSetup" finished-at="2020-04-08T15:14:26Z" duration-ms="0" status="PASS">
          <reporter-output>
          </reporter-output>
        </test-method> <!-- testSetup -->
        <test-method is-config="true" signature="print(org.testng.ITestResult)[pri:0, instance:Tests.GetCitiesTest@17baae6e]" started-at="2020-04-08T15:14:26Z" name="print" finished-at="2020-04-08T15:14:26Z" duration-ms="0" status="PASS">
          <params>
            <param index="0">
              <value>
                <![CDATA[[TestResult name=verifyCities status=SUCCESS method=GetCitiesTest.verifyCities()[pri:0, instance:Tests.GetCitiesTest@17baae6e] output={null}]]]>
              </value>
            </param>
          </params>
          <reporter-output>
          </reporter-output>
        </test-method> <!-- print -->
      </class> <!-- Tests.GetCitiesTest -->
    </test> <!-- Zomato API tests -->
  </suite> <!-- Zomato API Tests -->
</testng-results>
